Wed Jun 13 17:36:38 EEST 2018
2018-06-13 17:37:10.547576: I tensorflow/core/platform/cpu_feature_guard.cc:137] Your CPU supports instructions that this TensorFlow binary was not compiled to use: SSE4.1 SSE4.2 AVX AVX2 FMA
2018-06-13 17:37:10.766481: I tensorflow/core/common_runtime/gpu/gpu_device.cc:1030] Found device 0 with properties: 
name: Tesla P100-PCIE-16GB major: 6 minor: 0 memoryClockRate(GHz): 1.3285
pciBusID: 0000:03:00.0
totalMemory: 15.90GiB freeMemory: 15.61GiB
2018-06-13 17:37:10.966459: I tensorflow/core/common_runtime/gpu/gpu_device.cc:1030] Found device 1 with properties: 
name: Tesla P100-PCIE-16GB major: 6 minor: 0 memoryClockRate(GHz): 1.3285
pciBusID: 0000:04:00.0
totalMemory: 15.90GiB freeMemory: 15.61GiB
2018-06-13 17:37:10.968274: I tensorflow/core/common_runtime/gpu/gpu_device.cc:1045] Device peer to peer matrix
2018-06-13 17:37:10.968432: I tensorflow/core/common_runtime/gpu/gpu_device.cc:1051] DMA: 0 1 
2018-06-13 17:37:10.968507: I tensorflow/core/common_runtime/gpu/gpu_device.cc:1061] 0:   Y Y 
2018-06-13 17:37:10.968580: I tensorflow/core/common_runtime/gpu/gpu_device.cc:1061] 1:   Y Y 
2018-06-13 17:37:10.968670: I tensorflow/core/common_runtime/gpu/gpu_device.cc:1120] Creating TensorFlow device (/device:GPU:0) -> (device: 0, name: Tesla P100-PCIE-16GB, pci bus id: 0000:03:00.0, compute capability: 6.0)
2018-06-13 17:37:10.968749: I tensorflow/core/common_runtime/gpu/gpu_device.cc:1120] Creating TensorFlow device (/device:GPU:1) -> (device: 1, name: Tesla P100-PCIE-16GB, pci bus id: 0000:04:00.0, compute capability: 6.0)
Corrupt JPEG data: 158 extraneous bytes before marker 0xd9
Corrupt JPEG data: 7568 extraneous bytes before marker 0xd9
Corrupt JPEG data: 6300 extraneous bytes before marker 0xd9
Premature end of JPEG file
Premature end of JPEG file
Corrupt JPEG data: 32 extraneous bytes before marker 0xd4
Corrupt JPEG data: 5598 extraneous bytes before marker 0xd7
Corrupt JPEG data: premature end of data segment
Corrupt JPEG data: 160 extraneous bytes before marker 0xd9
Corrupt JPEG data: 114 extraneous bytes before marker 0xd9
Corrupt JPEG data: premature end of data segment
Corrupt JPEG data: 224 extraneous bytes before marker 0xd9
Corrupt JPEG data: 124 extraneous bytes before marker 0xd9
Corrupt JPEG data: premature end of data segment
Corrupt JPEG data: premature end of data segment
Corrupt JPEG data: premature end of data segment
Corrupt JPEG data: 163 extraneous bytes before marker 0xd9
Corrupt JPEG data: premature end of data segment
Corrupt JPEG data: 119 extraneous bytes before marker 0xd9
Corrupt JPEG data: 123 extraneous bytes before marker 0xd9
Corrupt JPEG data: premature end of data segment
Corrupt JPEG data: 203 extraneous bytes before marker 0xd9
Premature end of JPEG file
Corrupt JPEG data: premature end of data segment
Corrupt JPEG data: 137 extraneous bytes before marker 0xd9
Corrupt JPEG data: 159 extraneous bytes before marker 0xd9
Premature end of JPEG file
Premature end of JPEG file
Corrupt JPEG data: 197 extraneous bytes before marker 0xd9
Corrupt JPEG data: 105 extraneous bytes before marker 0xd9
Corrupt JPEG data: 51 extraneous bytes before marker 0xd9
Corrupt JPEG data: 100 extraneous bytes before marker 0xd9
Corrupt JPEG data: 204 extraneous bytes before marker 0xd9
Corrupt JPEG data: 8 extraneous bytes before marker 0xd9
Corrupt JPEG data: 145 extraneous bytes before marker 0xd9
Corrupt JPEG data: premature end of data segment
Premature end of JPEG file
Corrupt JPEG data: premature end of data segment
Corrupt JPEG data: 6986 extraneous bytes before marker 0xd9
Premature end of JPEG file
Corrupt JPEG data: 73 extraneous bytes before marker 0xd9
Premature end of JPEG file
Corrupt JPEG data: premature end of data segment
Corrupt JPEG data: 5958 extraneous bytes before marker 0xd9
Corrupt JPEG data: 652 extraneous bytes before marker 0xd9
Premature end of JPEG file
Corrupt JPEG data: 128 extraneous bytes before marker 0xd9
Corrupt JPEG data: 125 extraneous bytes before marker 0xd9
Corrupt JPEG data: 125 extraneous bytes before marker 0xd9
slurmstepd: error: *** JOB 32620683 ON gpu27 CANCELLED AT 2018-06-13T22:35:39 DUE TO TIME LIMIT ***
slurmstepd: error: *** STEP 32620683.0 ON gpu27 CANCELLED AT 2018-06-13T22:35:39 DUE TO TIME LIMIT ***
srun: Job step aborted: Waiting up to 32 seconds for job step to finish.
perl: warning: Setting locale failed.
perl: warning: Please check that your locale settings:
	LANGUAGE = (unset),
	LC_ALL = (unset),
	LC_CTYPE = "UTF-8",
	LANG = "en_GB.UTF-8"
    are supported and installed on your system.
perl: warning: Falling back to the standard locale ("C").
Job has already finished for job 32620683
perl: warning: Setting locale failed.
perl: warning: Please check that your locale settings:
	LANGUAGE = (unset),
	LC_ALL = (unset),
	LC_CTYPE = "UTF-8",
	LANG = "en_GB.UTF-8"
    are supported and installed on your system.
perl: warning: Falling back to the standard locale ("C").
